<?xml version="1.0" encoding="UTF-8"?>
<!-- Generated by org.testng.reporters.JUnitXMLReporter -->
<testsuite ignored="3" hostname="TCSPLLAP012" failures="0" tests="3" name="Test2" time="0.022" errors="0" timestamp="2023-11-04T22:15:30 IST">
  <testcase classname="testNGDay1.Day3" name="FifthTest" time="0.002"/>
  <testcase classname="testNGDay1.Day3" name="FourthTest" time="0.002"/>
  <testcase classname="testNGDay1.Day3" name="SixthTest" time="0.004"/>
  <testcase classname="testNGDay1.Day3" name="MobileSignup" time="0.0">
    <ignored/>
  </testcase> <!-- MobileSignup -->
  <testcase classname="testNGDay1.Day3" name="Mobile" time="0.0">
    <ignored/>
  </testcase> <!-- Mobile -->
  <testcase classname="testNGDay1.Day3" name="MobileLogin" time="0.0">
    <ignored/>
  </testcase> <!-- MobileLogin -->
</testsuite> <!-- Test2 -->
