<?xml version="1.0" encoding="UTF-8"?>
<!-- Generated by org.testng.reporters.JUnitXMLReporter -->
<testsuite ignored="1" hostname="TCSPLLAP012" failures="0" tests="4" name="Test" time="0.077" errors="0" timestamp="2023-11-04T22:15:30 IST">
  <testcase classname="testNGDay1.Day1" name="Demo" time="0.009"/>
  <testcase classname="testNGDay1.Day4" name="EighthTest" time="0.002"/>
  <testcase classname="testNGDay1.Day4" name="NinethTest" time="0.006"/>
  <testcase classname="testNGDay1.Day4" name="SeventhTest" time="0.002"/>
  <testcase classname="testNGDay1.Day1" name="SecondTest" time="0.0">
    <ignored/>
  </testcase> <!-- SecondTest -->
</testsuite> <!-- Test -->
